<?xml version="1.0" encoding="UTF-8"?>
<!-- Generated by org.testng.reporters.JUnitXMLReporter -->
<testsuite ignored="0" hostname="DESKTOP-PEGT69G" failures="0" tests="2" name="Regression Functional Test" time="26.969" errors="0" timestamp="01 Mar 2023 05:35:56 GMT">
  <testcase classname="com.qa.hubspot.tests.LoginPageTest" name="verifyLoginPageTitleTest" time="0.037"/>
  <testcase classname="com.qa.hubspot.tests.HomePageTest" name="verifyHomePageHeaderTest" time="0.002"/>
</testsuite> <!-- Regression Functional Test -->
