<?xml version="1.0" encoding="UTF-8"?>
<testsuite xmlns:xsi="http://www.w3.org/2001/XMLSchema-instance" xsi:noNamespaceSchemaLocation="https://maven.apache.org/surefire/maven-surefire-plugin/xsd/surefire-test-report.xsd" name="TestSuite" time="32.767" tests="20" errors="0" skipped="19" failures="1">
  <properties>
[...]
</properties>
  <testcase name="setUp" classname="com.qa.hubspot.tests.ContactsPageTest" time="30.356">
    <failure message="Expected condition failed: waiting for presence of element located by: By.xpath: //a[@id=&apos;nav-primary-contacts-branch&apos;] (tried for 10 second(s) with 500 milliseconds interval)" type="org.openqa.selenium.TimeoutException">org.openqa.selenium.TimeoutException: Expected condition failed: waiting for presence of element located by: By.xpath: //a[@id='nav-primary-contacts-branch'] (tried for 10 second(s) with 500 milliseconds interval)
	at com.qa.hubspot.tests.ContactsPageTest.setUp(ContactsPageTest.java:37)
Caused by: org.openqa.selenium.NoSuchElementException: 
no such element: Unable to locate element: {"method":"xpath","selector":"//a[@id='nav-primary-contacts-branch']"}
  (Session info: chrome=110.0.5481.178)
For documentation on this error, please visit: https://selenium.dev/exceptions/#no_such_element
Build info: version: '4.8.1', revision: '8ebccac989'
System info: os.name: 'Windows 10', os.arch: 'amd64', os.version: '10.0', java.version: '1.8.0_202'
Driver info: org.openqa.selenium.chrome.ChromeDriver
Command: [478e0bacd0832a6b51910ba3990dab17, findElement {using=xpath, value=//a[@id='nav-primary-contacts-branch']}]
Capabilities {acceptInsecureCerts: false, browserName: chrome, browserVersion: 110.0.5481.178, chrome: {chromedriverVersion: 110.0.5481.77 (65ed616c6e8e..., userDataDir: C:\Users\bumpe\AppData\Loca...}, goog:chromeOptions: {debuggerAddress: localhost:61965}, networkConnectionEnabled: false, pageLoadStrategy: normal, platformName: WINDOWS, proxy: Proxy(), se:cdp: ws://localhost:61965/devtoo..., se:cdpVersion: 110.0.5481.178, setWindowRect: true, strictFileInteractability: false, timeouts: {implicit: 0, pageLoad: 300000, script: 30000}, unhandledPromptBehavior: dismiss and notify, webauthn:extension:credBlob: true, webauthn:extension:largeBlob: true, webauthn:virtualAuthenticators: true}
Session ID: 478e0bacd0832a6b51910ba3990dab17
	at com.qa.hubspot.tests.ContactsPageTest.setUp(ContactsPageTest.java:37)
</failure>
    <system-out><![CDATA[browser name is: chrome
]]></system-out>
    <system-err><![CDATA[SLF4J: No SLF4J providers were found.
SLF4J: Defaulting to no-operation (NOP) logger implementation
SLF4J: See https://www.slf4j.org/codes.html#noProviders for further details.
log4j:WARN No appenders could be found for logger (io.netty.util.internal.logging.InternalLoggerFactory).
log4j:WARN Please initialize the log4j system properly.
Starting ChromeDriver 110.0.5481.77 (65ed616c6e8ee3fe0ad64fe83796c020644d42af-refs/branch-heads/5481@{#839}) on port 48644
Only local connections are allowed.
Please see https://chromedriver.chromium.org/security-considerations for suggestions on keeping ChromeDriver safe.
ChromeDriver was started successfully.
[1677694556.826][WARNING]: virtual void DevToolsClientImpl::AddListener(DevToolsEventListener *) subscribing a listener to the already connected DevToolsClient. Connection notification will not arrive.
]]></system-err>
  </testcase>
  <testcase name="setUp" classname="com.qa.hubspot.tests.ContactsPageTest" time="0">
    <skipped/>
  </testcase>
  <testcase name="setUp" classname="com.qa.hubspot.tests.ContactsPageTest" time="0">
    <skipped/>
  </testcase>
  <testcase name="verifyContactsPageTitle" classname="com.qa.hubspot.tests.ContactsPageTest" time="0">
    <skipped message="Expected condition failed: waiting for presence of element located by: By.xpath: //a[@id=&apos;nav-primary-contacts-branch&apos;] (tried for 10 second(s) with 500 milliseconds interval)"/>
  </testcase>
  <testcase name="verifyHomePageHeaderTest" classname="com.qa.hubspot.tests.HomePageTest" time="0">
    <skipped message="Expected condition failed: waiting for presence of element located by: By.xpath: //a[@id=&apos;nav-primary-contacts-branch&apos;] (tried for 10 second(s) with 500 milliseconds interval)"/>
  </testcase>
  <testcase name="verifyLoginPageTitleTest" classname="com.qa.hubspot.tests.LoginPageTest" time="0">
    <skipped message="Expected condition failed: waiting for presence of element located by: By.xpath: //a[@id=&apos;nav-primary-contacts-branch&apos;] (tried for 10 second(s) with 500 milliseconds interval)"/>
  </testcase>
  <testcase name="createNewContactTest" classname="com.qa.hubspot.tests.ContactsPageTest" time="0">
    <skipped message="Expected condition failed: waiting for presence of element located by: By.xpath: //a[@id=&apos;nav-primary-contacts-branch&apos;] (tried for 10 second(s) with 500 milliseconds interval)"/>
  </testcase>
  <testcase name="createNewContactTest" classname="com.qa.hubspot.tests.ContactsPageTest" time="0">
    <skipped message="Expected condition failed: waiting for presence of element located by: By.xpath: //a[@id=&apos;nav-primary-contacts-branch&apos;] (tried for 10 second(s) with 500 milliseconds interval)"/>
  </testcase>
  <testcase name="createNewContactTest" classname="com.qa.hubspot.tests.ContactsPageTest" time="0">
    <skipped message="Expected condition failed: waiting for presence of element located by: By.xpath: //a[@id=&apos;nav-primary-contacts-branch&apos;] (tried for 10 second(s) with 500 milliseconds interval)"/>
  </testcase>
  <testcase name="createNewContactTest" classname="com.qa.hubspot.tests.ContactsPageTest" time="0">
    <skipped message="Expected condition failed: waiting for presence of element located by: By.xpath: //a[@id=&apos;nav-primary-contacts-branch&apos;] (tried for 10 second(s) with 500 milliseconds interval)"/>
  </testcase>
  <testcase name="verifyHomePageTitleTest" classname="com.qa.hubspot.tests.HomePageTest" time="0">
    <skipped message="Expected condition failed: waiting for presence of element located by: By.xpath: //a[@id=&apos;nav-primary-contacts-branch&apos;] (tried for 10 second(s) with 500 milliseconds interval)"/>
  </testcase>
  <testcase name="verifySignUpLinkTest" classname="com.qa.hubspot.tests.LoginPageTest" time="0">
    <skipped message="Expected condition failed: waiting for presence of element located by: By.xpath: //a[@id=&apos;nav-primary-contacts-branch&apos;] (tried for 10 second(s) with 500 milliseconds interval)"/>
  </testcase>
  <testcase name="verifyLoggedInUserTest" classname="com.qa.hubspot.tests.HomePageTest" time="0">
    <skipped message="Expected condition failed: waiting for presence of element located by: By.xpath: //a[@id=&apos;nav-primary-contacts-branch&apos;] (tried for 10 second(s) with 500 milliseconds interval)"/>
  </testcase>
  <testcase name="verifyForgotMyPasswordTest" classname="com.qa.hubspot.tests.LoginPageTest" time="0">
    <skipped message="Expected condition failed: waiting for presence of element located by: By.xpath: //a[@id=&apos;nav-primary-contacts-branch&apos;] (tried for 10 second(s) with 500 milliseconds interval)"/>
  </testcase>
  <testcase name="verifyShowPasswordButtonTest" classname="com.qa.hubspot.tests.LoginPageTest" time="0">
    <skipped message="Expected condition failed: waiting for presence of element located by: By.xpath: //a[@id=&apos;nav-primary-contacts-branch&apos;] (tried for 10 second(s) with 500 milliseconds interval)"/>
  </testcase>
  <testcase name="verifyLoginWithSSOButtonTest" classname="com.qa.hubspot.tests.LoginPageTest" time="0">
    <skipped message="Expected condition failed: waiting for presence of element located by: By.xpath: //a[@id=&apos;nav-primary-contacts-branch&apos;] (tried for 10 second(s) with 500 milliseconds interval)"/>
  </testcase>
  <testcase name="loginTest" classname="com.qa.hubspot.tests.LoginPageTest" time="0">
    <skipped message="Expected condition failed: waiting for presence of element located by: By.xpath: //a[@id=&apos;nav-primary-contacts-branch&apos;] (tried for 10 second(s) with 500 milliseconds interval)"/>
  </testcase>
  <testcase name="tearDown" classname="com.qa.hubspot.tests.ContactsPageTest" time="0">
    <skipped/>
  </testcase>
  <testcase name="tearDown" classname="com.qa.hubspot.tests.ContactsPageTest" time="0">
    <skipped/>
  </testcase>
  <testcase name="tearDown" classname="com.qa.hubspot.tests.ContactsPageTest" time="0">
    <skipped/>
  </testcase>
</testsuite>