<?xml version="1.0" encoding="UTF-8"?>
<testng-results ignored="0" total="2" passed="2" failed="0" skipped="0">
  <reporter-output>
  </reporter-output>
  <suite started-at="2023-03-01T05:35:29Z" name="Hubspot App Regression Test Suite" finished-at="2023-03-01T05:35:56Z" duration-ms="26969">
    <groups>
    </groups>
    <test started-at="2023-03-01T05:35:29Z" name="Regression Functional Test" finished-at="2023-03-01T05:35:56Z" duration-ms="26969">
      <class name="com.qa.hubspot.tests.LoginPageTest">
        <test-method signature="verifyLoginPageTitleTest()[pri:1, instance:com.qa.hubspot.tests.LoginPageTest@c667f46]" started-at="2023-03-01T05:35:55Z" name="verifyLoginPageTitleTest" finished-at="2023-03-01T05:35:55Z" duration-ms="37" status="PASS">
          <reporter-output>
          </reporter-output>
        </test-method> <!-- verifyLoginPageTitleTest -->
      </class> <!-- com.qa.hubspot.tests.LoginPageTest -->
      <class name="com.qa.hubspot.tests.HomePageTest">
        <test-method is-config="true" signature="setUp()[pri:0, instance:com.qa.hubspot.tests.HomePageTest@51bd8b5c]" started-at="2023-03-01T05:35:29Z" name="setUp" finished-at="2023-03-01T05:35:48Z" duration-ms="18659" status="PASS">
          <reporter-output>
          </reporter-output>
        </test-method> <!-- setUp -->
        <test-method is-config="true" signature="setUp()[pri:0, instance:com.qa.hubspot.tests.LoginPageTest@c667f46]" started-at="2023-03-01T05:35:48Z" name="setUp" finished-at="2023-03-01T05:35:55Z" duration-ms="7602" status="PASS">
          <reporter-output>
          </reporter-output>
        </test-method> <!-- setUp -->
        <test-method signature="verifyHomePageHeaderTest()[pri:1, instance:com.qa.hubspot.tests.HomePageTest@51bd8b5c]" started-at="2023-03-01T05:35:55Z" name="verifyHomePageHeaderTest" finished-at="2023-03-01T05:35:55Z" duration-ms="2" status="PASS">
          <reporter-output>
          </reporter-output>
        </test-method> <!-- verifyHomePageHeaderTest -->
        <test-method is-config="true" signature="tearDown()[pri:0, instance:com.qa.hubspot.tests.HomePageTest@51bd8b5c]" started-at="2023-03-01T05:35:55Z" name="tearDown" finished-at="2023-03-01T05:35:56Z" duration-ms="195" status="PASS">
          <reporter-output>
          </reporter-output>
        </test-method> <!-- tearDown -->
        <test-method is-config="true" signature="tearDown()[pri:0, instance:com.qa.hubspot.tests.LoginPageTest@c667f46]" started-at="2023-03-01T05:35:56Z" name="tearDown" finished-at="2023-03-01T05:35:56Z" duration-ms="203" status="PASS">
          <reporter-output>
          </reporter-output>
        </test-method> <!-- tearDown -->
      </class> <!-- com.qa.hubspot.tests.HomePageTest -->
    </test> <!-- Regression Functional Test -->
  </suite> <!-- Hubspot App Regression Test Suite -->
</testng-results>
